[11:10:04] This is prokka 1.14.6
[11:10:04] Written by Torsten Seemann <torsten.seemann@gmail.com>
[11:10:04] Homepage is https://github.com/tseemann/prokka
[11:10:04] Local time is Sat Jan 18 11:10:04 2025
[11:10:04] You are fak31
[11:10:04] Operating system is linux
[11:10:04] You have BioPerl 1.7.8
[11:10:04] System has 16 cores.
[11:10:04] Will use maximum of 4 cores.
[11:10:04] Annotating as >>> Bacteria <<<
[11:10:04] Generating locus_tag from 'cpe004_hybrid.fasta' contents.
[11:10:04] Setting --locustag KHAGGBBM from MD5 41a00bb65800160ef8e0563c23bb0350
[11:10:04] Creating new output folder: prokka_normal/
[11:10:04] Running: mkdir -p prokka_normal\/
[11:10:04] Using filename prefix: cpe004_hybrd.XXX
[11:10:04] Setting HMMER_NCPU=1
[11:10:04] Writing log to: prokka_normal//cpe004_hybrd.log
[11:10:04] Command: /home/fak31/miniforge3/envs/prokka/bin/prokka --cpus 4 --prefix cpe004_hybrd --usegenus --addgenes --outdir prokka_normal/ cpe004_hybrid.fasta
[11:10:04] Appending to PATH: /home/fak31/miniforge3/envs/prokka/bin
[11:10:04] Looking for 'aragorn' - found /home/fak31/miniforge3/envs/prokka/bin/aragorn
[11:10:04] Determined aragorn version is 001002 from 'ARAGORN v1.2.41 Dean Laslett'
[11:10:04] Looking for 'barrnap' - found /home/fak31/miniforge3/envs/prokka/bin/barrnap
[11:10:04] Determined barrnap version is 000009 from 'barrnap 0.9'
[11:10:04] Looking for 'blastp' - found /home/fak31/miniforge3/envs/prokka/bin/blastp
[11:10:04] Determined blastp version is 002015 from 'blastp: 2.15.0+'
[11:10:04] Looking for 'cmpress' - found /home/fak31/miniforge3/envs/prokka/bin/cmpress
[11:10:04] Determined cmpress version is 001001 from '# INFERNAL 1.1.5 (Sep 2023)'
[11:10:04] Looking for 'cmscan' - found /home/fak31/miniforge3/envs/prokka/bin/cmscan
[11:10:04] Determined cmscan version is 001001 from '# INFERNAL 1.1.5 (Sep 2023)'
[11:10:04] Looking for 'egrep' - found /bin/egrep
[11:10:04] Looking for 'find' - found /usr/bin/find
[11:10:04] Looking for 'grep' - found /bin/grep
[11:10:04] Looking for 'hmmpress' - found /home/fak31/miniforge3/envs/prokka/bin/hmmpress
[11:10:04] Determined hmmpress version is 003004 from '# HMMER 3.4 (Aug 2023); http://hmmer.org/'
[11:10:04] Looking for 'hmmscan' - found /home/fak31/miniforge3/envs/prokka/bin/hmmscan
[11:10:04] Determined hmmscan version is 003004 from '# HMMER 3.4 (Aug 2023); http://hmmer.org/'
[11:10:04] Looking for 'java' - found /home/fak31/miniforge3/envs/prokka/bin/java
[11:10:04] Looking for 'makeblastdb' - found /home/fak31/miniforge3/envs/prokka/bin/makeblastdb
[11:10:04] Determined makeblastdb version is 002015 from 'makeblastdb: 2.15.0+'
[11:10:04] Looking for 'minced' - found /home/fak31/miniforge3/envs/prokka/bin/minced
[11:10:04] Determined minced version is 004002 from 'minced 0.4.2'
[11:10:04] Looking for 'parallel' - found /home/fak31/miniforge3/envs/prokka/bin/parallel
[11:10:05] Determined parallel version is 20240522 from 'GNU parallel 20240522'
[11:10:05] Looking for 'prodigal' - found /home/fak31/miniforge3/envs/prokka/bin/prodigal
[11:10:05] Determined prodigal version is 002006 from 'Prodigal V2.6.3: February, 2016'
[11:10:05] Looking for 'prokka-genbank_to_fasta_db' - found /home/fak31/miniforge3/envs/prokka/bin/prokka-genbank_to_fasta_db
[11:10:05] Looking for 'sed' - found /bin/sed
[11:10:05] Looking for 'tbl2asn' - found /home/fak31/miniforge3/envs/prokka/bin/tbl2asn
[11:10:05] Determined tbl2asn version is 025007 from 'tbl2asn 25.7   arguments:'
[11:10:05] Using genetic code table 11.
[11:10:05] Loading and checking input file: cpe004_hybrid.fasta
[11:10:05] Wrote 3 contigs totalling 5758372 bp.
[11:10:05] Predicting tRNAs and tmRNAs
[11:10:05] Running: aragorn -l -gc11  -w prokka_normal\/\/cpe004_hybrd\.fna
[11:10:07] 1 tRNA-SeC c[88954,89048] 35 (tca)
[11:10:07] 2 tRNA-Glu [171694,171769] 35 (ttc)
[11:10:07] 3 tRNA-Ile [270921,270997] 35 (gat)
[11:10:07] 4 tRNA-Ala [271034,271109] 34 (tgc)
[11:10:07] 5 tRNA-Asp [274462,274538] 35 (gtc)
[11:10:07] 6 tRNA-Trp [274592,274667] 34 (cca)
[11:10:07] 7 tRNA-Arg [312698,312774] 35 (ccg)
[11:10:07] 8 tRNA-His [312830,312905] 34 (gtg)
[11:10:07] 9 tRNA-Leu [312929,313015] 35 (cag)
[11:10:07] 10 tRNA-Pro [313058,313134] 35 (tgg)
[11:10:07] 11 tRNA-Ile [362815,362891] 35 (gat)
[11:10:07] 12 tRNA-Ala [362928,363003] 34 (tgc)
[11:10:07] 13 tRNA-Thr [369968,370043] 34 (tgt)
[11:10:07] 14 tRNA-Tyr [370054,370138] 35 (gta)
[11:10:07] 15 tRNA-Gly [370254,370328] 34 (tcc)
[11:10:07] 16 tRNA-Thr [370334,370409] 34 (ggt)
[11:10:07] 17 tRNA-Glu [407833,407908] 35 (ttc)
[11:10:07] 18 tRNA-Phe c[546293,546368] 34 (gaa)
[11:10:07] 19 tRNA-Gly [587208,587283] 34 (gcc)
[11:10:07] 20 tRNA-Gly [587352,587427] 34 (gcc)
[11:10:07] 21 tRNA-Gly [587500,587575] 34 (gcc)
[11:10:07] 22 tRNA-Leu [718507,718591] 35 (caa)
[11:10:07] 23 tRNA-Glu [779887,779962] 35 (ttc)
[11:10:07] 24 tRNA-Leu c[864025,864111] 35 (cag)
[11:10:07] 25 tRNA-Leu c[864143,864229] 35 (cag)
[11:10:07] 26 tRNA-Leu c[864258,864344] 35 (cag)
[11:10:07] 27 tRNA-Ile [1134989,1135065] 35 (gat)
[11:10:07] 28 tRNA-Ala [1135171,1135246] 34 (tgc)
[11:10:07] 29 tRNA-Asp [1138688,1138764] 35 (gtc)
[11:10:07] 30 tRNA-Asp [1148141,1148217] 35 (gtc)
[11:10:07] 31 tRNA-Thr c[1203892,1203967] 34 (cgt)
[11:10:07] 32 tRNA-Arg [1418631,1418707] 35 (tct)
[11:10:07] 33 tRNA-Gln c[1653770,1653844] 33 (ctg)
[11:10:07] 34 tRNA-Gln c[1653920,1653994] 33 (ctg)
[11:10:07] 35 tRNA-Met c[1654042,1654118] 35 (cat)
[11:10:07] 36 tRNA-Gln c[1654142,1654216] 33 (ttg)
[11:10:07] 37 tRNA-Gln c[1654253,1654327] 33 (ttg)
[11:10:07] 38 tRNA-Leu c[1654351,1654435] 35 (tag)
[11:10:07] 39 tRNA-Met c[1654444,1654520] 35 (cat)
[11:10:07] 40 tRNA-Lys [1713140,1713215] 34 (ttt)
[11:10:07] 41 tRNA-Val [1713341,1713416] 34 (tac)
[11:10:07] 42 tRNA-Lys [1713419,1713494] 34 (ttt)
[11:10:07] 43 tRNA-Val [1713644,1713719] 34 (tac)
[11:10:07] 44 tRNA-Lys [1713723,1713798] 34 (ttt)
[11:10:07] 45 tRNA-Lys [1713945,1714020] 34 (ttt)
[11:10:07] 46 tRNA-Lys [1714154,1714229] 34 (ttt)
[11:10:07] 47 tRNA-Ser [2010907,2010994] 35 (tga)
[11:10:07] 48 tRNA-Ser c[2073460,2073547] 35 (gga)
[11:10:07] 49 tRNA-Ser c[2076541,2076628] 35 (gga)
[11:10:07] 50 tRNA-Val [3061589,3061665] 35 (gac)
[11:10:07] 51 tRNA-Val [3061670,3061746] 35 (gac)
[11:10:07] 52 tRNA-Val [3061751,3061827] 35 (gac)
[11:10:07] 53 tRNA-Tyr [3293507,3293591] 35 (gta)
[11:10:07] 54 tRNA-Tyr [3293807,3293891] 35 (gta)
[11:10:07] 55 tRNA-Leu c[3552001,3552087] 35 (taa)
[11:10:07] 56 tRNA-Cys c[3552101,3552174] 33 (gca)
[11:10:07] 57 tRNA-Gly c[3552215,3552290] 34 (gcc)
[11:10:07] 58 tRNA-Ser c[3573395,3573484] 35 (cga)
[11:10:07] 59 tRNA-Asn [3574476,3574551] 34 (gtt)
[11:10:07] 60 tRNA-Asn [3579722,3579797] 34 (gtt)
[11:10:07] 61 tRNA-Asn c[3588645,3588720] 34 (gtt)
[11:10:07] 62 tRNA-Asn [3590478,3590553] 34 (gtt)
[11:10:07] 63 tRNA-Pro [3864523,3864599] 35 (ggg)
[11:10:07] 64 tRNA-Arg [3981377,3981451] 34 (cct)
[11:10:07] 65 tRNA-Ala c[4001775,4001850] 34 (ggc)
[11:10:07] 66 tRNA-Val [4004549,4004624] 34 (tac)
[11:10:07] 67 tRNA-Val [4004670,4004745] 34 (tac)
[11:10:07] 68 tRNA-Val [4004792,4004867] 34 (tac)
[11:10:07] 69 tRNA-Lys [4004872,4004947] 34 (ttt)
[11:10:07] 70 tRNA-Glu c[4254709,4254784] 35 (ttc)
[11:10:07] 71 tmRNA [4283284,4283646] 90,125 ANDENYALAA**
[11:10:07] 72 tRNA-Arg c[4345915,4345991] 35 (acg)
[11:10:07] 73 tRNA-Arg c[4346220,4346296] 35 (acg)
[11:10:07] 74 tRNA-Arg c[4346358,4346434] 35 (acg)
[11:10:07] 75 tRNA-Arg c[4346585,4346661] 35 (acg)
[11:10:07] 76 tRNA-Ser c[4346666,4346758] 35 (gct)
[11:10:07] 77 tRNA-Met [4498857,4498933] 35 (cat)
[11:10:07] 78 tRNA-Met [4498967,4499043] 35 (cat)
[11:10:07] 79 tRNA-Met [4499076,4499152] 35 (cat)
[11:10:07] 80 tRNA-Gly c[4656978,4657051] 33 (ccc)
[11:10:07] 81 tRNA-Phe [4732985,4733060] 34 (gaa)
[11:10:07] 82 tRNA-Met [4817338,4817413] 34 (cat)
[11:10:07] 83 tRNA-Met c[4910690,4910766] 35 (cat)
[11:10:07] 84 tRNA-Leu c[4914697,4914783] 35 (gag)
[11:10:07] 85 tRNA-Thr c[5007722,5007797] 34 (ggt)
[11:10:07] 86 tRNA-Pro c[5266309,5266385] 35 (cgg)
[11:10:07] Found 86 tRNAs
[11:10:07] Predicting Ribosomal RNAs
[11:10:07] Running Barrnap with 4 threads
[11:10:09] 1 1 170072 16S ribosomal RNA
[11:10:09] 2 1 171954 23S ribosomal RNA
[11:10:09] 3 1 174952 5S ribosomal RNA
[11:10:09] 4 1 269315 16S ribosomal RNA
[11:10:09] 5 1 271289 23S ribosomal RNA
[11:10:09] 6 1 274291 5S ribosomal RNA
[11:10:09] 7 1 361209 16S ribosomal RNA
[11:10:09] 8 1 363183 23S ribosomal RNA
[11:10:09] 9 1 366181 5S ribosomal RNA
[11:10:09] 10 1 406211 16S ribosomal RNA
[11:10:09] 11 1 408093 23S ribosomal RNA
[11:10:09] 12 1 411095 5S ribosomal RNA
[11:10:09] 13 1 778265 16S ribosomal RNA
[11:10:09] 14 1 780147 23S ribosomal RNA
[11:10:09] 15 1 783145 5S ribosomal RNA
[11:10:09] 16 1 1133381 16S ribosomal RNA
[11:10:09] 17 1 1135426 23S ribosomal RNA
[11:10:09] 18 1 1138517 5S ribosomal RNA
[11:10:09] 19 1 4251318 5S ribosomal RNA
[11:10:09] 20 1 4251626 23S ribosomal RNA
[11:10:09] 21 1 4254871 16S ribosomal RNA
[11:10:09] 22 1 5007572 5S ribosomal RNA
[11:10:09] 23 1 5007815 5S ribosomal RNA
[11:10:09] 24 1 5008025 23S ribosomal RNA
[11:10:09] 25 1 5011125 16S ribosomal RNA
[11:10:09] Found 25 rRNAs
[11:10:09] Skipping ncRNA search, enable with --rfam if desired.
[11:10:09] Total of 110 tRNA + rRNA features
[11:10:09] Searching for CRISPR repeats
[11:10:10] CRISPR1 1 3149677 with 13 spacers
[11:10:10] CRISPR2 1 3159198 with 10 spacers
[11:10:10] CRISPR3 2 60217 with 13 spacers
[11:10:10] Found 3 CRISPRs
[11:10:10] Predicting coding sequences
[11:10:10] Contigs total 5758372 bp, so using single mode
[11:10:10] Running: prodigal -i prokka_normal\/\/cpe004_hybrd\.fna -c -m -g 11 -p single -f sco -q
[11:10:19] Excluding CDS which overlaps existing RNA (tRNA) at 1:313034..313186 on - strand
[11:10:22] Excluding CDS which overlaps existing RNA (tRNA) at 1:3061340..3061825 on - strand
[11:10:24] Excluding CDS which overlaps existing RNA (tRNA) at 1:4910591..4910797 on + strand
[11:10:25] Found 5327 CDS
[11:10:25] Connecting features back to sequences
[11:10:25] Skipping genus-specific proteins as can't see /home/fak31/miniforge3/envs/prokka/db/Genus
[11:10:25] Annotating CDS, please be patient.
[11:10:25] Will use 4 CPUs for similarity searching.
[11:10:31] There are still 5327 unannotated CDS left (started with 5327)
[11:10:31] Will use blast to search against /home/fak31/miniforge3/envs/prokka/db/kingdom/Bacteria/IS with 4 CPUs
[11:10:31] Running: cat prokka_normal\/\/cpe004_hybrd\.IS\.tmp\.11223\.faa | parallel --gnu --plain -j 4 --block 213545 --recstart '>' --pipe blastp -query - -db /home/fak31/miniforge3/envs/prokka/db/kingdom/Bacteria/IS -evalue 1e-30 -qcov_hsp_perc 90 -num_threads 1 -num_descriptions 1 -num_alignments 1 -seg no > prokka_normal\/\/cpe004_hybrd\.IS\.tmp\.11223\.blast 2> /dev/null
[11:10:57] Deleting unwanted file: prokka_normal//cpe004_hybrd.IS.tmp.11223.faa
[11:10:57] Deleting unwanted file: prokka_normal//cpe004_hybrd.IS.tmp.11223.blast
[11:11:03] There are still 5246 unannotated CDS left (started with 5327)
[11:11:03] Will use blast to search against /home/fak31/miniforge3/envs/prokka/db/kingdom/Bacteria/AMR with 4 CPUs
[11:11:03] Running: cat prokka_normal\/\/cpe004_hybrd\.AMR\.tmp\.11223\.faa | parallel --gnu --plain -j 4 --block 210369 --recstart '>' --pipe blastp -query - -db /home/fak31/miniforge3/envs/prokka/db/kingdom/Bacteria/AMR -evalue 1e-300 -qcov_hsp_perc 90 -num_threads 1 -num_descriptions 1 -num_alignments 1 -seg no > prokka_normal\/\/cpe004_hybrd\.AMR\.tmp\.11223\.blast 2> /dev/null
[11:11:24] Deleting unwanted file: prokka_normal//cpe004_hybrd.AMR.tmp.11223.faa
[11:11:24] Deleting unwanted file: prokka_normal//cpe004_hybrd.AMR.tmp.11223.blast
[11:11:29] There are still 5244 unannotated CDS left (started with 5327)
[11:11:29] Will use blast to search against /home/fak31/miniforge3/envs/prokka/db/kingdom/Bacteria/sprot with 4 CPUs
[11:11:29] Running: cat prokka_normal\/\/cpe004_hybrd\.sprot\.tmp\.11223\.faa | parallel --gnu --plain -j 4 --block 210174 --recstart '>' --pipe blastp -query - -db /home/fak31/miniforge3/envs/prokka/db/kingdom/Bacteria/sprot -evalue 1e-09 -qcov_hsp_perc 80 -num_threads 1 -num_descriptions 1 -num_alignments 1 -seg no > prokka_normal\/\/cpe004_hybrd\.sprot\.tmp\.11223\.blast 2> /dev/null
[11:13:15] Modify product: Probable L,D-transpeptidase YcfS => putative L,D-transpeptidase YcfS
[11:13:15] Modify product: Probable zinc-binding alcohol dehydrogenase Rv1895 => putative zinc-binding alcohol dehydrogenase
[11:13:15] Modify product: Uncharacterized membrane protein YoaK => putative membrane protein YoaK
[11:13:15] Modify product: Stress response UPF0229 protein YhbH => hypothetical protein
[11:13:15] Modify product: Uncharacterized acyl-CoA thioester hydrolase HI_0827 => putative acyl-CoA thioester hydrolase
[11:13:15] Modify product: Probable intracellular septation protein A => putative intracellular septation protein A
[11:13:15] Modify product: UPF0259 membrane protein YciC => hypothetical protein
[11:13:15] Modify product: PKHD-type hydroxylase Sbal_3634 => PKHD-type hydroxylase
[11:13:15] Modify product: Probable tartrate dehydrogenase/decarboxylase TtuC' => putative tartrate dehydrogenase/decarboxylase TtuC'
[11:13:15] Modify product: Uncharacterized protein YciO => putative protein YciO
[11:13:15] Modify product: Uncharacterized oxidoreductase YciK => putative oxidoreductase YciK
[11:13:15] Modify product: Probable protease SohB => putative protease SohB
[11:13:15] Modify product: Uncharacterized protein YciH => putative protein YciH
[11:13:15] Modify product: UPF0509 protein YciZ => hypothetical protein
[11:13:15] Modify product: Uncharacterized protein YcjX => putative protein YcjX
[11:13:15] Modify product: UPF0283 membrane protein YcjF => hypothetical protein
[11:13:15] Modify product: Probable 6-phospho-beta-glucosidase => putative 6-phospho-beta-glucosidase
[11:13:15] Modify product: Uncharacterized protein PA2218 => putative protein
[11:13:15] Modify product: Uncharacterized oxidoreductase YtbE => putative oxidoreductase YtbE
[11:13:15] Modify product: Probable quorum-quenching lactonase YtnP => putative quorum-quenching lactonase YtnP
[11:13:15] Modify product: Probable D-methionine-binding lipoprotein MetQ => putative D-methionine-binding lipoprotein MetQ
[11:13:15] Modify product: Uncharacterized oxidoreductase YdgJ => putative oxidoreductase YdgJ
[11:13:15] Modify product: Uncharacterized protein YdfO => putative protein YdfO
[11:13:15] Modify product: UPF0394 inner membrane protein YedE => hypothetical protein
[11:13:15] Modify product: Probable DNA endonuclease SmrA => putative DNA endonuclease SmrA
[11:13:15] Modify product: Uncharacterized protein YnfD => putative protein YnfD
[11:13:15] Modify product: UPF0482 protein YnfB => hypothetical protein
[11:13:15] Modify product: Probable L-galactonate transporter => putative L-galactonate transporter
[11:13:15] Modify product: Probable amino-acid metabolite efflux pump => putative amino-acid metabolite efflux pump
[11:13:15] Modify product: UPF0056 inner membrane protein MarC => hypothetical protein
[11:13:15] Modify product: Uncharacterized isomerase YddE => putative isomerase YddE
[11:13:15] Modify product: Probable galactarate transporter => putative galactarate transporter
[11:13:15] Modify product: Uncharacterized MFS-type transporter YhhS => putative MFS-type transporter YhhS
[11:13:15] Modify product: Uncharacterized protein YycE => putative protein YycE
[11:13:15] Modify product: Probable fimbrial chaperone YraI => putative fimbrial chaperone YraI
[11:13:15] Modify product: Uncharacterized signaling protein CC_0091 => putative signaling protein
[11:13:15] Modify product: Probable 3-hydroxyisobutyrate dehydrogenase => putative 3-hydroxyisobutyrate dehydrogenase
[11:13:15] Modify product: Probable L-galactonate transporter => putative L-galactonate transporter
[11:13:15] Modify product: Probable succinyl-diaminopimelate desuccinylase => putative succinyl-diaminopimelate desuccinylase
[11:13:15] Modify product: Probable 2-dehydro-3-deoxygalactonokinase DgoK1 => putative 2-dehydro-3-deoxygalactonokinase DgoK1
[11:13:15] Modify product: UPF0442 protein YjjB => hypothetical protein
[11:13:15] Modify product: Uncharacterized metal-dependent hydrolase YjjV => putative metal-dependent hydrolase YjjV
[11:13:15] Modify product: Probable inner membrane protein Smp => putative inner membrane protein Smp
[11:13:15] Modify product: Uncharacterized lipoprotein YgdR => putative lipoprotein YgdR
[11:13:16] Modify product: Probable glucarate transporter => putative glucarate transporter
[11:13:16] Modify product: Probable peptidoglycan glycosyltransferase FtsW => putative peptidoglycan glycosyltransferase FtsW
[11:13:16] Modify product: UPF0231 protein YacL => hypothetical protein
[11:13:16] Modify product: Uncharacterized ABC transporter ATP-binding protein YadG => putative ABC transporter ATP-binding protein YadG
[11:13:16] Modify product: UPF0126 inner membrane protein YadS => hypothetical protein
[11:13:16] Modify product: UPF0253 protein YaeP => hypothetical protein
[11:13:16] Modify product: Uncharacterized protein YaeQ => putative protein YaeQ
[11:13:16] Modify product: Uncharacterized methyltransferase YcgJ => putative methyltransferase YcgJ
[11:13:16] Modify product: Uncharacterized protein Rv2277c => putative protein
[11:13:16] Modify product: Uncharacterized N-acetyltransferase YafP => putative N-acetyltransferase YafP
[11:13:16] Modify product: UPF0255 protein VV1_0328 => hypothetical protein
[11:13:16] Modify product: Uncharacterized protein YjhP => putative protein YjhP
[11:13:16] Modify product: Probable phosphatase Rv3661 => putative phosphatase
[11:13:16] Modify product: Probable fimbrial chaperone EcpB => putative fimbrial chaperone EcpB
[11:13:16] Modify product: Probable outer membrane usher protein EcpC => putative outer membrane usher protein EcpC
[11:13:16] Modify product: Probable fimbrial chaperone EcpE => putative fimbrial chaperone EcpE
[11:13:16] Modify product: Probable glutamine ABC transporter permease protein GlnP => putative glutamine ABC transporter permease protein GlnP
[11:13:16] Modify product: Leu/Ile/Val-binding protein homolog 3 => Leu/Ile/Val-binding protein 
[11:13:16] Modify product: Uncharacterized amino acid permease YhdG => putative amino acid permease YhdG
[11:13:16] Modify product: UPF0178 protein YaiI => hypothetical protein
[11:13:16] Modify product: Uncharacterized protein YaiA => putative protein YaiA
[11:13:16] Modify product: Uncharacterized lipoprotein YajI => putative lipoprotein YajI
[11:13:16] Modify product: UPF0234 protein YajQ => hypothetical protein
[11:13:16] Modify product: Uncharacterized protein HI_1008 => putative protein
[11:13:16] Modify product: Probable multidrug resistance ABC transporter ATP-binding/permease protein YheI => putative multidrug resistance ABC transporter ATP-binding/permease protein YheI
[11:13:16] Modify product: Uncharacterized lipoprotein YbaY => putative lipoprotein YbaY
[11:13:16] Modify product: Probable cyclic di-GMP phosphodiesterase PdeB => putative cyclic di-GMP phosphodiesterase PdeB
[11:13:16] Modify product: Probable iron export ATP-binding protein FetA => putative iron export ATP-binding protein FetA
[11:13:16] Modify product: Probable iron export permease protein FetB => putative iron export permease protein FetB
[11:13:16] Modify product: Uncharacterized protein YbcJ => putative protein YbcJ
[11:13:16] Modify product: Bifunctional protein FolD => Bifunctional protein FolD protein
[11:13:16] Modify product: Probable cadaverine/lysine antiporter => putative cadaverine/lysine antiporter
[11:13:16] Modify product: Probable 2-dehydro-3-deoxygalactonokinase DgoK1 => putative 2-dehydro-3-deoxygalactonokinase DgoK1
[11:13:16] Modify product: Uncharacterized inner membrane transporter YicL => putative inner membrane transporter YicL
[11:13:16] Modify product: Acetyltransferase Atu2258 => Acetyltransferase
[11:13:16] Modify product: Zinc-type alcohol dehydrogenase-like protein SA1988 => Zinc-type alcohol dehydrogenase-like protein
[11:13:16] Modify product: UPF0311 protein CA_C3321 => hypothetical protein
[11:13:16] Modify product: UPF0126 inner membrane protein YicG => hypothetical protein
[11:13:16] Modify product: Uncharacterized protein Rv1998c => putative protein
[11:13:16] Modify product: UPF0701 protein YicC => hypothetical protein
[11:13:16] Modify product: Probable transport protein HsrA => putative transport protein HsrA
[11:13:16] Modify product: Probable acyltransferase YihG => putative acyltransferase YihG
[11:13:16] Modify product: Probable GTP-binding protein EngB => putative GTP-binding protein EngB
[11:13:16] Modify product: Uncharacterized protein YshB => putative protein YshB
[11:13:16] Modify product: UPF0761 membrane protein YihY => hypothetical protein
[11:13:16] Modify product: Probable cystine transporter YijE => putative cystine transporter YijE
[11:13:16] Modify product: UPF0438 protein YifE => hypothetical protein
[11:13:16] Modify product: Uncharacterized membrane protein YdfK => putative membrane protein YdfK
[11:13:16] Modify product: Probable ECA polymerase => putative ECA polymerase
[11:13:16] Modify product: Probable transport protein YifK => putative transport protein YifK
[11:13:16] Modify product: Probable protein kinase UbiB => putative protein kinase UbiB
[11:13:16] Modify product: Uncharacterized protein HI_0431 => putative protein
[11:13:16] Modify product: UPF0597 protein YhaM => hypothetical protein
[11:13:16] Modify product: UPF0337 protein YjbJ => hypothetical protein
[11:13:16] Modify product: Uncharacterized protein YjbR => putative protein YjbR
[11:13:16] Modify product: Probable cyclic di-GMP phosphodiesterase PdeC => putative cyclic di-GMP phosphodiesterase PdeC
[11:13:16] Modify product: Uncharacterized fimbrial-like protein YcbV => putative fimbrial-like protein YcbV
[11:13:16] Modify product: Probable fimbrial chaperone LpfB => putative fimbrial chaperone LpfB
[11:13:16] Modify product: Probable transcriptional regulator PhnF => putative transcriptional regulator PhnF
[11:13:16] Modify product: UPF0716 protein FxsA => hypothetical protein
[11:13:16] Modify product: Probable outer membrane usher protein ElfC => putative outer membrane usher protein ElfC
[11:13:16] Modify product: Probable L-ascorbate-6-phosphate lactonase UlaG => putative L-ascorbate-6-phosphate lactonase UlaG
[11:13:16] Modify product: Uncharacterized protein YtfJ => putative protein YtfJ
[11:13:16] Modify product: UPF0053 inner membrane protein YtfL => hypothetical protein
[11:13:16] Modify product: UPF0307 protein YjgA => hypothetical protein
[11:13:16] Modify product: Deacetylase EF_0837 => Deacetylase
[11:13:16] Modify product: Probable licABCH operon regulator => putative licABCH operon regulator
[11:13:16] Modify product: Probable 6-phospho-beta-glucosidase => putative 6-phospho-beta-glucosidase
[11:13:16] Modify product: Uncharacterized protein YncE => putative protein YncE
[11:13:17] Modify product: Uncharacterized protein Rv0906 => putative protein
[11:13:17] Modify product: Probable cation-transporting ATPase F => putative cation-transporting ATPase F
[11:13:17] Modify product: Probable D,D-dipeptide transport ATP-binding protein DdpF => putative D,D-dipeptide transport ATP-binding protein DdpF
[11:13:17] Modify product: Probable D,D-dipeptide transport system permease protein DdpC => putative D,D-dipeptide transport system permease protein DdpC
[11:13:17] Modify product: Probable D,D-dipeptide-binding periplasmic protein DdpA => putative D,D-dipeptide-binding periplasmic protein DdpA
[11:13:17] Modify product: Uncharacterized sugar kinase YdjH => putative sugar kinase YdjH
[11:13:17] Modify product: Uncharacterized protein YbdM => putative protein YbdM
[11:13:17] Modify product: Uncharacterized HTH-type transcriptional regulator YbdO => putative HTH-type transcriptional regulator YbdO
[11:13:17] Modify product: Uncharacterized HTH-type transcriptional regulator YbdO => putative HTH-type transcriptional regulator YbdO
[11:13:17] Modify product: UPF0250 protein YbeD => hypothetical protein
[11:13:17] Modify product: Uncharacterized lipoprotein ChiQ => putative lipoprotein ChiQ
[11:13:17] Modify product: Uncharacterized protein YbfE => putative protein YbfE
[11:13:17] Modify product: GTP cyclohydrolase 1 type 2 homolog => GTP cyclohydrolase 1 type 2 
[11:13:17] Modify product: Probable two-component-system connector protein AriR => putative two-component-system connector protein AriR
[11:13:17] Modify product: Probable two-component-system connector protein YcgZ => putative two-component-system connector protein YcgZ
[11:13:17] Modify product: Probable cation-transporting ATPase F => putative cation-transporting ATPase F
[11:13:17] Modify product: UPF0098 protein YbhB => hypothetical protein
[11:13:17] Modify product: Probable multidrug ABC transporter permease YbhR => putative multidrug ABC transporter permease YbhR
[11:13:17] Modify product: Probable multidrug ABC transporter permease YbhS => putative multidrug ABC transporter permease YbhS
[11:13:17] Modify product: Probable multidrug ABC transporter ATP-binding protein YbhF => putative multidrug ABC transporter ATP-binding protein YbhF
[11:13:17] Modify product: UPF0194 membrane protein YbhG => hypothetical protein
[11:13:17] Modify product: Probable glucarate transporter => putative glucarate transporter
[11:13:17] Modify product: Uncharacterized protein YbiB => putative protein YbiB
[11:13:17] Modify product: Uncharacterized protein YbiI => putative protein YbiI
[11:13:17] Modify product: Uncharacterized protein McbA => putative protein McbA
[11:13:17] Modify product: Probable L,D-transpeptidase YbiS => putative L,D-transpeptidase YbiS
[11:13:17] Modify product: Uncharacterized ABC transporter ATP-binding protein YbiT => putative ABC transporter ATP-binding protein YbiT
[11:13:17] Modify product: Uncharacterized protein YbiU => putative protein YbiU
[11:13:17] Modify product: Uncharacterized protein YbjN => putative protein YbjN
[11:13:17] Modify product: Uncharacterized lipoprotein YbjP => putative lipoprotein YbjP
[11:13:17] Modify product: Uncharacterized MFS-type transporter YcaD => putative MFS-type transporter YcaD
[11:13:17] Modify product: Probable formate transporter 1 => putative formate transporter 1
[11:13:17] Modify product: UPF0434 protein YcaR => hypothetical protein
[11:13:17] Modify product: Probable L,D-transpeptidase YcbB => putative L,D-transpeptidase YcbB
[11:13:17] Modify product: Uncharacterized protein YcbX => putative protein YcbX
[11:13:17] Modify product: Uncharacterized protein YccU => putative protein YccU
[11:13:17] Modify product: UPF0098 protein YbcL => hypothetical protein
[11:13:17] Modify product: Putative anti-sigma factor antagonist TM_1442 => Putative anti-sigma factor antagonist
[11:13:17] Modify product: Probable cyclic di-GMP phosphodiesterase PdeG => putative cyclic di-GMP phosphodiesterase PdeG
[11:13:17] Modify product: Uncharacterized protein YccJ => putative protein YccJ
[11:13:17] Modify product: Probable malonic semialdehyde reductase RutE => putative malonic semialdehyde reductase RutE
[11:13:17] Modify product: Probable hydrolase YcaC => putative hydrolase YcaC
[11:13:17] Modify product: Probable phosphatase YcdX => putative phosphatase YcdX
[11:13:17] Modify product: UPF0176 protein YceA => hypothetical protein
[11:13:17] Modify product: Uncharacterized protein YceO => putative protein YceO
[11:13:17] Modify product: Uncharacterized lipoprotein YceB => putative lipoprotein YceB
[11:13:17] Modify product: UPF0502 protein YceH => hypothetical protein
[11:13:17] Modify product: Probable lipid II flippase MurJ => putative lipid II flippase MurJ
[11:13:17] Modify product: Uncharacterized metal-dependent hydrolase YcfH => putative metal-dependent hydrolase YcfH
[11:13:17] Modify product: UPF0227 protein YcfP => hypothetical protein
[11:13:17] Modify product: Probable transport protein HsrA => putative transport protein HsrA
[11:13:17] Modify product: Probable diguanylate cyclase DgcQ => putative diguanylate cyclase DgcQ
[11:13:17] Modify product: Uncharacterized inner membrane transporter YedA => putative inner membrane transporter YedA
[11:13:17] Modify product: Uncharacterized protein YedJ => putative protein YedJ
[11:13:17] Modify product: Probable L,D-transpeptidase ErfK/SrfK => putative L,D-transpeptidase ErfK/SrfK
[11:13:17] Modify product: Probable acrylyl-CoA reductase AcuI => putative acrylyl-CoA reductase AcuI
[11:13:17] Modify product: Probable FMN/FAD exporter YeeO => putative FMN/FAD exporter YeeO
[11:13:17] Modify product: Putative multidrug export ATP-binding/permease protein SAV1866 => Putative multidrug export ATP-binding/permease protein
[11:13:17] Modify product: Uncharacterized protein YeaR => putative protein YeaR
[11:13:17] Modify product: UPF0265 protein YeeX => hypothetical protein
[11:13:17] Modify product: UPF0053 inner membrane protein YoaE => hypothetical protein
[11:13:17] Modify product: 23S rRNA 5-hydroxycytidine C2501 synthase => 23S rRNA 5-hydroxycytidine synthase
[11:13:17] Modify product: Probable lipid kinase YegS => putative lipid kinase YegS
[11:13:17] Modify product: Probable D,D-dipeptide transport system permease protein DdpC => putative D,D-dipeptide transport system permease protein DdpC
[11:13:17] Modify product: Probable D,D-dipeptide transport system permease protein DdpB => putative D,D-dipeptide transport system permease protein DdpB
[11:13:17] Modify product: Probable D,D-dipeptide-binding periplasmic protein DdpA => putative D,D-dipeptide-binding periplasmic protein DdpA
[11:13:17] Modify product: Uncharacterized N-acetyltransferase YafP => putative N-acetyltransferase YafP
[11:13:17] Modify product: UPF0387 membrane protein YohO => hypothetical protein
[11:13:17] Modify product: UPF0299 membrane protein YohJ => hypothetical protein
[11:13:17] Modify product: UPF0324 inner membrane protein YeiH => hypothetical protein
[11:13:17] Modify product: UPF0153 protein YeiW => hypothetical protein
[11:13:17] Modify product: Probable cyclic di-GMP phosphodiesterase PdeN => putative cyclic di-GMP phosphodiesterase PdeN
[11:13:17] Modify product: Uncharacterized ABC transporter ATP-binding protein YejF => putative ABC transporter ATP-binding protein YejF
[11:13:17] Modify product: Uncharacterized protein YejG => putative protein YejG
[11:13:17] Modify product: UPF0352 protein YejL => hypothetical protein
[11:13:17] Modify product: Putative transport protein Rv1101c => Putative transport protein
[11:13:17] Modify product: Uncharacterized HTH-type transcriptional regulator RhmR => putative HTH-type transcriptional regulator RhmR
[11:13:17] Modify product: UPF0304 protein YfbU => hypothetical protein
[11:13:17] Modify product: UPF0208 membrane protein YfbV => hypothetical protein
[11:13:17] Modify product: Uncharacterized Nudix hydrolase YfcD => putative Nudix hydrolase YfcD
[11:13:17] Modify product: Epimerase family protein SA0724 => Epimerase family protein
[11:13:17] Modify product: Uncharacterized MFS-type transporter YfcJ => putative MFS-type transporter YfcJ
[11:13:17] Modify product: Probable membrane transporter protein YfcA => putative membrane transporter protein YfcA
[11:13:17] Modify product: UPF0381 protein YiiS => hypothetical protein
[11:13:17] Modify product: Uncharacterized transporter YycB => putative transporter YycB
[11:13:17] Modify product: Probable cyclic di-GMP phosphodiesterase PdeA => putative cyclic di-GMP phosphodiesterase PdeA
[11:13:17] Modify product: Uncharacterized protein YybH => putative protein YybH
[11:13:17] Modify product: Uncharacterized protein YfeY => putative protein YfeY
[11:13:17] Modify product: Uncharacterized protein YfgD => putative protein YfgD
[11:13:17] Modify product: Uncharacterized protein YfgJ => putative protein YfgJ
[11:13:17] Modify product: UPF0070 protein HI_0370 => hypothetical protein
[11:13:17] Modify product: Probable 3-phenylpropionic acid transporter => putative 3-phenylpropionic acid transporter
[11:13:17] Modify product: Uncharacterized protein YphB => putative protein YphB
[11:13:17] Modify product: Uncharacterized tRNA/rRNA methyltransferase YfiF => putative tRNA/rRNA methyltransferase YfiF
[11:13:18] Modify product: UPF0053 inner membrane protein YfjD => hypothetical protein
[11:13:18] Modify product: UPF0125 protein RatB => hypothetical protein
[11:13:18] Modify product: Probable fimbrial chaperone YadV => putative fimbrial chaperone YadV
[11:13:18] Modify product: Probable fimbrial chaperone YraI => putative fimbrial chaperone YraI
[11:13:18] Modify product: Probable HTH-type transcriptional regulator YgaV => putative HTH-type transcriptional regulator YgaV
[11:13:18] Modify product: Uncharacterized protein YgaM => putative protein YgaM
[11:13:18] Modify product: Uncharacterized periplasmic iron-binding protein HI_0362 => putative periplasmic iron-binding protein
[11:13:18] Modify product: Probable UbiX-like flavin prenyltransferase => putative UbiX-like flavin prenyltransferase
[11:13:18] Modify product: Probable glucarate transporter => putative glucarate transporter
[11:13:18] Modify product: Uncharacterized protein PA3435 => putative protein
[11:13:18] Modify product: Uncharacterized protein YqcC => putative protein YqcC
[11:13:18] Modify product: Uncharacterized HTH-type transcriptional regulator YdjF => putative HTH-type transcriptional regulator YdjF
[11:13:18] Modify product: UPF0382 inner membrane protein YgdD => hypothetical protein
[11:13:18] Modify product: Uncharacterized lipoprotein YgdR => putative lipoprotein YgdR
[11:13:18] Modify product: Probable cobalt-factor III C(17)-methyltransferase => putative cobalt-factor III C(17)-methyltransferase
[11:13:18] Modify product: Probable propionate kinase => putative propionate kinase
[11:13:18] Modify product: UPF0053 inner membrane protein YgdQ => hypothetical protein
[11:13:18] Modify product: Uncharacterized lipoprotein YgdR => putative lipoprotein YgdR
[11:13:18] Modify product: Probable fimbrial chaperone YadV => putative fimbrial chaperone YadV
[11:13:18] Modify product: Probable major fimbrial subunit LpfA => putative major fimbrial subunit LpfA
[11:13:18] Modify product: Uncharacterized protein YjdJ => putative protein YjdJ
[11:13:18] Modify product: Uncharacterized membrane protein YdfK => putative membrane protein YdfK
[11:13:18] Modify product: UPF0073 inner membrane protein YqfA => hypothetical protein
[11:13:18] Modify product: UPF0267 protein YqfB => hypothetical protein
[11:13:18] Modify product: Uncharacterized oxidoreductase YgfF => putative oxidoreductase YgfF
[11:13:18] Modify product: UPF0149 protein HI_0817 => hypothetical protein
[11:13:18] Modify product: UPF0301 protein YqgE => hypothetical protein
[11:13:18] Modify product: Uncharacterized protein YggR => putative protein YggR
[11:13:18] Modify product: UPF0235 protein YggU => hypothetical protein
[11:13:18] Modify product: Uncharacterized protein HI_0341 => putative protein
[11:13:18] Modify product: Probable Fe(2+)-trafficking protein => putative Fe(2+)-trafficking protein
[11:13:18] Modify product: Uncharacterized membrane protein YdfK => putative membrane protein YdfK
[11:13:18] Modify product: Probable fimbrial chaperone YraI => putative fimbrial chaperone YraI
[11:13:18] Modify product: Probable fimbrial chaperone protein ElfD => putative fimbrial chaperone protein ElfD
[11:13:18] Modify product: Probable fimbrial chaperone protein ElfD => putative fimbrial chaperone protein ElfD
[11:13:18] Modify product: Putative cystathionine beta-synthase Rv1077 => Putative cystathionine beta-synthase
[11:13:18] Modify product: Probable quinol monooxygenase YgiN => putative quinol monooxygenase YgiN
[11:13:18] Modify product: Probable glycerol-3-phosphate acyltransferase => putative glycerol-3-phosphate acyltransferase
[11:13:18] Modify product: Uncharacterized protein YqjD => putative protein YqjD
[11:13:18] Modify product: Probable galactarate transporter => putative galactarate transporter
[11:13:18] Modify product: UPF0102 protein RPA0323 => hypothetical protein
[11:13:18] Modify product: Uncharacterized protease YhbU => putative protease YhbU
[11:13:18] Modify product: Uncharacterized inner membrane transporter YhbE => putative inner membrane transporter YhbE
[11:13:18] Modify product: Probable allantoin permease => putative allantoin permease
[11:13:18] Modify product: Putative thiamine biosynthesis protein HI_0357 => Putative thiamine biosynthesis protein
[11:13:18] Modify product: UPF0702 transmembrane protein YetF => hypothetical protein
[11:13:18] Modify product: Uncharacterized oxidoreductase YghA => putative oxidoreductase YghA
[11:13:18] Modify product: Uncharacterized ABC transporter ATP-binding protein YheS => putative ABC transporter ATP-binding protein YheS
[11:13:18] Modify product: Probable D,D-dipeptide transport system permease protein DdpC => putative D,D-dipeptide transport system permease protein DdpC
[11:13:18] Modify product: Probable nitrate reductase molybdenum cofactor assembly chaperone NarW => putative nitrate reductase molybdenum cofactor assembly chaperone NarW
[11:13:18] Modify product: Uncharacterized lipoprotein YgdR => putative lipoprotein YgdR
[11:13:18] Modify product: Uncharacterized protein YncE => putative protein YncE
[11:13:18] Modify product: UPF0381 protein YiiS => hypothetical protein
[11:13:18] Modify product: Uncharacterized protein YdcY => putative protein YdcY
[11:13:18] Modify product: 23S rRNA 5-hydroxycytidine C2501 synthase => 23S rRNA 5-hydroxycytidine synthase
[11:13:18] Modify product: Uncharacterized protein Rv3292 => putative protein
[11:13:18] Modify product: Probable transporter SCO4007 => putative transporter
[11:13:18] Modify product: Uncharacterized oxidoreductase YdgJ => putative oxidoreductase YdgJ
[11:13:18] Modify product: Uncharacterized HTH-type transcriptional regulator YahB => putative HTH-type transcriptional regulator YahB
[11:13:18] Modify product: Probable D,D-dipeptide transport ATP-binding protein DdpD => putative D,D-dipeptide transport ATP-binding protein DdpD
[11:13:18] Modify product: Probable cyclic di-GMP phosphodiesterase PdeB => putative cyclic di-GMP phosphodiesterase PdeB
[11:13:18] Modify product: Probable succinyl-CoA:3-ketoacid coenzyme A transferase subunit A => putative succinyl-CoA:3-ketoacid coenzyme A transferase subunit A
[11:13:18] Modify product: Probable succinyl-CoA:3-ketoacid coenzyme A transferase subunit B => putative succinyl-CoA:3-ketoacid coenzyme A transferase subunit B
[11:13:18] Modify product: Probable siderophore transport system permease protein YfiZ => putative siderophore transport system permease protein YfiZ
[11:13:18] Modify product: Probable siderophore transport system ATP-binding protein YusV => putative siderophore transport system ATP-binding protein YusV
[11:13:18] Modify product: Uncharacterized protein HI_1472 => putative protein
[11:13:18] Modify product: Probable ABC transporter permease protein HI_1471 => putative ABC transporter permease protein
[11:13:18] Modify product: Uncharacterized ABC transporter ATP-binding protein HI_1470 => putative ABC transporter ATP-binding protein
[11:13:18] Modify product: Probable L,D-transpeptidase YnhG => putative L,D-transpeptidase YnhG
[11:13:18] Modify product: Probable ATP-dependent transporter SufC => putative ATP-dependent transporter SufC
[11:13:18] Modify product: Uncharacterized protein HI_1163 => putative protein
[11:13:18] Modify product: Probable ketoamine kinase HMPREF0351_12196 => putative ketoamine kinase
[11:13:18] Modify product: UPF0263 protein YciU => hypothetical protein
[11:13:18] Modify product: UPF0056 inner membrane protein MarC => hypothetical protein
[11:13:18] Modify product: Uncharacterized NTE family protein Rv1063c => putative NTE family protein
[11:13:18] Modify product: UPF0225 protein YchJ => hypothetical protein
[11:13:18] Modify product: Uncharacterized protein Rv2569c => putative protein
[11:13:18] Modify product: Uncharacterized protein Rv2567 => putative protein
[11:13:18] Modify product: Uncharacterized protein Rv2411c => putative protein
[11:13:18] Modify product: Uncharacterized protein YeaR => putative protein YeaR
[11:13:18] Modify product: Uncharacterized protein YcgM => putative protein YcgM
[11:13:18] Modify product: Probable ATP-dependent DNA helicase YoaA => putative ATP-dependent DNA helicase YoaA
[11:13:19] Modify product: Probable cyclic di-GMP phosphodiesterase PdeD => putative cyclic di-GMP phosphodiesterase PdeD
[11:13:19] Modify product: UPF0053 inner membrane protein YoaE => hypothetical protein
[11:13:19] Modify product: UPF0266 membrane protein YobD => hypothetical protein
[11:13:19] Modify product: Probable manganese efflux pump MntP => putative manganese efflux pump MntP
[11:13:19] Modify product: Uncharacterized protein YebV => putative protein YebV
[11:13:19] Modify product: Uncharacterized protein HI_0461 => putative protein
[11:13:19] Modify product: Probable transcriptional regulatory protein YebC => putative transcriptional regulatory protein YebC
[11:13:19] Modify product: Uncharacterized protein YhcO => putative protein YhcO
[11:13:19] Modify product: Uncharacterized membrane protein YhdT => putative membrane protein YhdT
[11:13:19] Modify product: Protein SlyX homolog => Protein SlyX 
[11:13:19] Modify product: Uncharacterized ABC transporter ATP-binding protein YheS => putative ABC transporter ATP-binding protein YheS
[11:13:19] Modify product: UPF0270 protein PA3463 => hypothetical protein
[11:13:19] Modify product: Probable protein adenylyltransferase Fic => putative protein adenylyltransferase Fic
[11:13:19] Modify product: Uncharacterized protein YhfG => putative protein YhfG
[11:13:19] Modify product: Probable [Fe-S]-dependent transcriptional repressor => putative [Fe-S]-dependent transcriptional repressor
[11:13:19] Modify product: Uncharacterized oxidoreductase YhhX => putative oxidoreductase YhhX
[11:13:19] Modify product: Uncharacterized protein YhhA => putative protein YhhA
[11:13:19] Modify product: Uncharacterized MFS-type transporter YhhS => putative MFS-type transporter YhhS
[11:13:19] Modify product: Probable 4-amino-4-deoxy-L-arabinose-phosphoundecaprenol flippase subunit ArnF => putative 4-amino-4-deoxy-L-arabinose-phosphoundecaprenol flippase subunit ArnF
[11:13:19] Modify product: Probable 4-amino-4-deoxy-L-arabinose-phosphoundecaprenol flippase subunit ArnE => putative 4-amino-4-deoxy-L-arabinose-phosphoundecaprenol flippase subunit ArnE
[11:13:19] Modify product: Probable 4-deoxy-4-formamido-L-arabinose-phosphoundecaprenol deformylase ArnD => putative 4-deoxy-4-formamido-L-arabinose-phosphoundecaprenol deformylase ArnD
[11:13:19] Modify product: Uncharacterized protein HI_0933 => putative protein
[11:13:19] Modify product: Probable cyclic di-GMP phosphodiesterase PdeK => putative cyclic di-GMP phosphodiesterase PdeK
[11:13:19] Modify product: Uncharacterized MFS-type transporter YhjX => putative MFS-type transporter YhjX
[11:13:19] Modify product: Probable lipoprotein YiaD => putative lipoprotein YiaD
[11:13:19] Modify product: Uncharacterized ABC transporter ATP-binding protein YheS => putative ABC transporter ATP-binding protein YheS
[11:13:19] Modify product: Uncharacterized GST-like protein YibF => putative GST-like protein YibF
[11:13:19] Modify product: Uncharacterized protein YibL => putative protein YibL
[11:13:19] Modify product: Uncharacterized protein YibN => putative protein YibN
[11:13:19] Modify product: UPF0758 protein YsxA => hypothetical protein
[11:13:19] Modify product: Probable multidrug ABC transporter permease YbhR => putative multidrug ABC transporter permease YbhR
[11:13:19] Modify product: Probable multidrug ABC transporter ATP-binding protein YbhF => putative multidrug ABC transporter ATP-binding protein YbhF
[11:13:19] Modify product: UPF0194 membrane protein YbhG => hypothetical protein
[11:13:19] Modify product: Probable glucosamine-6-phosphate deaminase 2 => putative glucosamine-6-phosphate deaminase 2
[11:13:19] Modify product: Pentapeptide repeat protein VPA0095 => Pentapeptide repeat protein
[11:13:19] Modify product: Uncharacterized oxidoreductase YghA => putative oxidoreductase YghA
[11:13:19] Modify product: UPF0401 protein YkfF => hypothetical protein
[11:13:19] Cleaned 326 /product names
[11:13:19] Deleting unwanted file: prokka_normal//cpe004_hybrd.sprot.tmp.11223.faa
[11:13:19] Deleting unwanted file: prokka_normal//cpe004_hybrd.sprot.tmp.11223.blast
[11:13:21] There are still 1522 unannotated CDS left (started with 5327)
[11:13:21] Will use hmmer3 to search against /home/fak31/miniforge3/envs/prokka/db/hmm/HAMAP.hmm with 4 CPUs
[11:13:21] Running: cat prokka_normal\/\/cpe004_hybrd\.HAMAP\.hmm\.tmp\.11223\.faa | parallel --gnu --plain -j 4 --block 49442 --recstart '>' --pipe hmmscan --noali --notextw --acc -E 1e-09 --cpu 1 /home/fak31/miniforge3/envs/prokka/db/hmm/HAMAP.hmm /dev/stdin > prokka_normal\/\/cpe004_hybrd\.HAMAP\.hmm\.tmp\.11223\.hmmer3 2> /dev/null
[11:13:38] Modify product: Uncharacterized MFS-type transporter YcaD => putative MFS-type transporter YcaD
[11:13:38] Modify product: Uncharacterized MFS-type transporter YfcJ => putative MFS-type transporter YfcJ
[11:13:38] Modify product: Uncharacterized Nudix hydrolase NudL => putative Nudix hydrolase NudL
[11:13:38] Cleaned 3 /product names
[11:13:38] Deleting unwanted file: prokka_normal//cpe004_hybrd.HAMAP.hmm.tmp.11223.faa
[11:13:38] Deleting unwanted file: prokka_normal//cpe004_hybrd.HAMAP.hmm.tmp.11223.hmmer3
[11:13:38] Labelling remaining 1373 proteins as 'hypothetical protein'
[11:13:38] Possible /pseudo 'Formate dehydrogenase-O major subunit' at 1 position 202589
[11:13:38] Possible /pseudo 'Peptidyl-prolyl cis-trans isomerase C' at 1 position 287549
[11:13:38] Possible /pseudo 'Formate dehydrogenase H' at 1 position 507051
[11:13:38] Possible /pseudo 'IS3 family transposase IS1400' at 1 position 738919
[11:13:38] Possible /pseudo 'IS3 family transposase ISYpe1' at 1 position 745623
[11:13:38] Possible /pseudo 'Homoprotocatechuate catabolism bifunctional isomerase/decarboxylase' at 1 position 829218
[11:13:38] Possible /pseudo 'Shikimate dehydrogenase (NADP(+))' at 1 position 971796
[11:13:38] Possible /pseudo 'Ferrichrome outer membrane transporter/phage receptor' at 1 position 1078498
[11:13:38] Possible /pseudo '3-carboxy-cis,cis-muconate cycloisomerase' at 1 position 2565305
[11:13:38] Possible /pseudo 'Putative dimethyl sulfoxide reductase chain YnfE' at 1 position 2608021
[11:13:38] Possible /pseudo 'High-affinity branched-chain amino acid transport ATP-binding protein LivF' at 1 position 2651328
[11:13:38] Possible /pseudo 'HTH-type transcriptional regulator DmlR' at 1 position 2782963
[11:13:38] Possible /pseudo 'Formate dehydrogenase, nitrate-inducible, major subunit' at 1 position 2920316
[11:13:38] Possible /pseudo 'putative protein' at 1 position 3390616
[11:13:38] Possible /pseudo 'putative protein' at 1 position 3391539
[11:13:38] Possible /pseudo 'Glycerophosphodiester phosphodiesterase, periplasmic' at 1 position 3892972
[11:13:38] Possible /pseudo 'Manganese transport system membrane protein MntB' at 1 position 4402549
[11:13:38] Possible /pseudo 'ISKra4 family transposase ISCep1' at 1 position 4629431
[11:13:38] Possible /pseudo 'Aerobic C4-dicarboxylate transport protein' at 1 position 5230599
[11:13:38] Possible /pseudo 'IS1 family transposase ISKpn14' at 1 position 5368768
[11:13:38] Found 3035 unique /gene codes.
[11:13:38] Fixed 3 duplicate /gene - umuC_1 umuC_2 umuC_3
[11:13:38] Fixed 2 duplicate /gene - sasA_1 sasA_2
[11:13:38] Fixed 2 duplicate /gene - xanP_1 xanP_2
[11:13:38] Fixed 2 duplicate /gene - proY_1 proY_2
[11:13:38] Fixed 3 duplicate /gene - sotB_1 sotB_2 sotB_3
[11:13:38] Fixed 3 duplicate /gene - hmuU_1 hmuU_2 hmuU_3
[11:13:38] Fixed 3 duplicate /gene - lldR_1 lldR_2 lldR_3
[11:13:38] Fixed 2 duplicate /gene - mqo_1 mqo_2
[11:13:38] Fixed 3 duplicate /gene - livH_1 livH_2 livH_3
[11:13:38] Fixed 2 duplicate /gene - mdtM_1 mdtM_2
[11:13:38] Fixed 2 duplicate /gene - yeaR_1 yeaR_2
[11:13:38] Fixed 3 duplicate /gene - aroE_1 aroE_2 aroE_3
[11:13:38] Fixed 2 duplicate /gene - nagC_1 nagC_2
[11:13:38] Fixed 2 duplicate /gene - pduD_1 pduD_2
[11:13:38] Fixed 2 duplicate /gene - ecoRIIR_1 ecoRIIR_2
[11:13:38] Fixed 4 duplicate /gene - hipO_1 hipO_2 hipO_3 hipO_4
[11:13:38] Fixed 3 duplicate /gene - ascG_1 ascG_2 ascG_3
[11:13:38] Fixed 2 duplicate /gene - aroP_1 aroP_2
[11:13:38] Fixed 2 duplicate /gene - mepS_1 mepS_2
[11:13:38] Fixed 7 duplicate /gene - glnQ_1 glnQ_2 glnQ_3 glnQ_4 glnQ_5 glnQ_6 glnQ_7
[11:13:38] Fixed 2 duplicate /gene - araB_1 araB_2
[11:13:38] Fixed 2 duplicate /gene - bamA_1 bamA_2
[11:13:38] Fixed 2 duplicate /gene - ribX_1 ribX_2
[11:13:38] Fixed 5 duplicate /gene - iolG_1 iolG_2 iolG_3 iolG_4 iolG_5
[11:13:38] Fixed 3 duplicate /gene - uspG_1 uspG_2 uspG_3
[11:13:38] Fixed 2 duplicate /gene - rhtB_1 rhtB_2
[11:13:38] Fixed 3 duplicate /gene - rob_1 rob_2 rob_3
[11:13:38] Fixed 2 duplicate /gene - yabI_1 yabI_2
[11:13:38] Fixed 3 duplicate /gene - ydcV_1 ydcV_2 ydcV_3
[11:13:38] Fixed 2 duplicate /gene - ynfE_1 ynfE_2
[11:13:38] Fixed 2 duplicate /gene - artQ_1 artQ_2
[11:13:38] Fixed 2 duplicate /gene - pckA_1 pckA_2
[11:13:38] Fixed 3 duplicate /gene - argP_1 argP_2 argP_3
[11:13:38] Fixed 3 duplicate /gene - dctA_1 dctA_2 dctA_3
[11:13:38] Fixed 2 duplicate /gene - kdgR_1 kdgR_2
[11:13:38] Fixed 2 duplicate /gene - ugpA_1 ugpA_2
[11:13:38] Fixed 2 duplicate /gene - pdxA2_1 pdxA2_2
[11:13:38] Fixed 2 duplicate /gene - parM_1 parM_2
[11:13:38] Fixed 2 duplicate /gene - nfdA_1 nfdA_2
[11:13:38] Fixed 2 duplicate /gene - betB_1 betB_2
[11:13:38] Fixed 3 duplicate /gene - rhtC_1 rhtC_2 rhtC_3
[11:13:38] Fixed 2 duplicate /gene - araC_1 araC_2
[11:13:38] Fixed 2 duplicate /gene - rppH_1 rppH_2
[11:13:38] Fixed 2 duplicate /gene - lacG_1 lacG_2
[11:13:38] Fixed 2 duplicate /gene - araG_1 araG_2
[11:13:38] Fixed 2 duplicate /gene - yfcJ_1 yfcJ_2
[11:13:38] Fixed 2 duplicate /gene - sutR_1 sutR_2
[11:13:38] Fixed 2 duplicate /gene - bcsQ_1 bcsQ_2
[11:13:38] Fixed 2 duplicate /gene - abaF_1 abaF_2
[11:13:38] Fixed 3 duplicate /gene - hin_1 hin_2 hin_3
[11:13:38] Fixed 2 duplicate /gene - eutB_1 eutB_2
[11:13:38] Fixed 2 duplicate /gene - dppB_1 dppB_2
[11:13:38] Fixed 3 duplicate /gene - lptB_1 lptB_2 lptB_3
[11:13:38] Fixed 2 duplicate /gene - bluF_1 bluF_2
[11:13:38] Fixed 2 duplicate /gene - folP_1 folP_2
[11:13:38] Fixed 2 duplicate /gene - gmuD_1 gmuD_2
[11:13:38] Fixed 2 duplicate /gene - aphA_1 aphA_2
[11:13:38] Fixed 2 duplicate /gene - sgrR_1 sgrR_2
[11:13:38] Fixed 3 duplicate /gene - yedK_1 yedK_2 yedK_3
[11:13:38] Fixed 9 duplicate /gene - fabG_1 fabG_2 fabG_3 fabG_4 fabG_5 fabG_6 fabG_7 fabG_8 fabG_9
[11:13:38] Fixed 2 duplicate /gene - yhhS_1 yhhS_2
[11:13:38] Fixed 2 duplicate /gene - eutC_1 eutC_2
[11:13:38] Fixed 2 duplicate /gene - puuB_1 puuB_2
[11:13:38] Fixed 2 duplicate /gene - msbA_1 msbA_2
[11:13:38] Fixed 2 duplicate /gene - groL_1 groL_2
[11:13:38] Fixed 2 duplicate /gene - ghrA_1 ghrA_2
[11:13:38] Fixed 2 duplicate /gene - gabD_1 gabD_2
[11:13:38] Fixed 2 duplicate /gene - sbnD_1 sbnD_2
[11:13:38] Fixed 2 duplicate /gene - pal_1 pal_2
[11:13:38] Fixed 2 duplicate /gene - tenA_1 tenA_2
[11:13:38] Fixed 2 duplicate /gene - dmsC_1 dmsC_2
[11:13:38] Fixed 4 duplicate /gene - metI_1 metI_2 metI_3 metI_4
[11:13:38] Fixed 2 duplicate /gene - ridA_1 ridA_2
[11:13:38] Fixed 3 duplicate /gene - oprM_1 oprM_2 oprM_3
[11:13:38] Fixed 2 duplicate /gene - fepA_1 fepA_2
[11:13:38] Fixed 2 duplicate /gene - hisQ_1 hisQ_2
[11:13:38] Fixed 2 duplicate /gene - galR_1 galR_2
[11:13:38] Fixed 2 duplicate /gene - mhpB_1 mhpB_2
[11:13:38] Fixed 4 duplicate /gene - ttuB_1 ttuB_2 ttuB_3 ttuB_4
[11:13:38] Fixed 2 duplicate /gene - epsF_1 epsF_2
[11:13:38] Fixed 2 duplicate /gene - fhuC_1 fhuC_2
[11:13:38] Fixed 2 duplicate /gene - dsdC_1 dsdC_2
[11:13:38] Fixed 5 duplicate /gene - mntB_1 mntB_2 mntB_3 mntB_4 mntB_5
[11:13:38] Fixed 2 duplicate /gene - ydiB_1 ydiB_2
[11:13:38] Fixed 6 duplicate /gene - malP_1 malP_2 malP_3 malP_4 malP_5 malP_6
[11:13:38] Fixed 2 duplicate /gene - ahpC_1 ahpC_2
[11:13:38] Fixed 2 duplicate /gene - ppa_1 ppa_2
[11:13:38] Fixed 2 duplicate /gene - tnsB_1 tnsB_2
[11:13:38] Fixed 2 duplicate /gene - kefC_1 kefC_2
[11:13:38] Fixed 2 duplicate /gene - pat_1 pat_2
[11:13:38] Fixed 6 duplicate /gene - livF_1 livF_2 livF_3 livF_4 livF_5 livF_6
[11:13:38] Fixed 2 duplicate /gene - glpF_1 glpF_2
[11:13:38] Fixed 2 duplicate /gene - pspF_1 pspF_2
[11:13:38] Fixed 2 duplicate /gene - tyrB_1 tyrB_2
[11:13:38] Fixed 2 duplicate /gene - ampG_1 ampG_2
[11:13:38] Fixed 2 duplicate /gene - cat_1 cat_2
[11:13:38] Fixed 2 duplicate /gene - glgC_1 glgC_2
[11:13:38] Fixed 2 duplicate /gene - ybdO_1 ybdO_2
[11:13:38] Fixed 2 duplicate /gene - catM_1 catM_2
[11:13:38] Fixed 2 duplicate /gene - lexA_1 lexA_2
[11:13:38] Fixed 2 duplicate /gene - dmsB_1 dmsB_2
[11:13:38] Fixed 2 duplicate /gene - fimA_1 fimA_2
[11:13:38] Fixed 2 duplicate /gene - msiK_1 msiK_2
[11:13:38] Fixed 2 duplicate /gene - bdcA_1 bdcA_2
[11:13:38] Fixed 2 duplicate /gene - rbn_1 rbn_2
[11:13:38] Fixed 3 duplicate /gene - cmpR_1 cmpR_2 cmpR_3
[11:13:38] Fixed 3 duplicate /gene - dnaC_1 dnaC_2 dnaC_3
[11:13:38] Fixed 5 duplicate /gene - hdfR_1 hdfR_2 hdfR_3 hdfR_4 hdfR_5
[11:13:38] Fixed 4 duplicate /gene - mdtA_1 mdtA_2 mdtA_3 mdtA_4
[11:13:38] Fixed 3 duplicate /gene - yheS_1 yheS_2 yheS_3
[11:13:38] Fixed 2 duplicate /gene - ydfG_1 ydfG_2
[11:13:38] Fixed 2 duplicate /gene - malT_1 malT_2
[11:13:38] Fixed 2 duplicate /gene - rhlE_1 rhlE_2
[11:13:38] Fixed 2 duplicate /gene - cra_1 cra_2
[11:13:38] Fixed 2 duplicate /gene - srlB_1 srlB_2
[11:13:38] Fixed 2 duplicate /gene - dgoK1_1 dgoK1_2
[11:13:38] Fixed 3 duplicate /gene - mltF_1 mltF_2 mltF_3
[11:13:38] Fixed 3 duplicate /gene - dauA_1 dauA_2 dauA_3
[11:13:38] Fixed 2 duplicate /gene - surE_1 surE_2
[11:13:38] Fixed 2 duplicate /gene - ftsA_1 ftsA_2
[11:13:38] Fixed 12 duplicate /gene - rhaS_1 rhaS_2 rhaS_3 rhaS_4 rhaS_5 rhaS_6 rhaS_7 rhaS_8 rhaS_9 rhaS_10 rhaS_11 rhaS_12
[11:13:38] Fixed 2 duplicate /gene - lpxL_1 lpxL_2
[11:13:38] Fixed 5 duplicate /gene - rcsC_1 rcsC_2 rcsC_3 rcsC_4 rcsC_5
[11:13:38] Fixed 2 duplicate /gene - proA_1 proA_2
[11:13:38] Fixed 2 duplicate /gene - yafP_1 yafP_2
[11:13:38] Fixed 2 duplicate /gene - kgtP_1 kgtP_2
[11:13:38] Fixed 2 duplicate /gene - ygaZ_1 ygaZ_2
[11:13:38] Fixed 5 duplicate /gene - fliY_1 fliY_2 fliY_3 fliY_4 fliY_5
[11:13:38] Fixed 2 duplicate /gene - murQ_1 murQ_2
[11:13:38] Fixed 2 duplicate /gene - cusC_1 cusC_2
[11:13:38] Fixed 2 duplicate /gene - bhsA_1 bhsA_2
[11:13:38] Fixed 2 duplicate /gene - clsA_1 clsA_2
[11:13:38] Fixed 2 duplicate /gene - norW_1 norW_2
[11:13:38] Fixed 2 duplicate /gene - carA_1 carA_2
[11:13:38] Fixed 2 duplicate /gene - proP_1 proP_2
[11:13:38] Fixed 2 duplicate /gene - rssB_1 rssB_2
[11:13:38] Fixed 3 duplicate /gene - vldW_1 vldW_2 vldW_3
[11:13:38] Fixed 2 duplicate /gene - ugpC_1 ugpC_2
[11:13:38] Fixed 2 duplicate /gene - srlR_1 srlR_2
[11:13:38] Fixed 2 duplicate /gene - tam_1 tam_2
[11:13:38] Fixed 4 duplicate /gene - menH_1 menH_2 menH_3 menH_4
[11:13:38] Fixed 3 duplicate /gene - glnH_1 glnH_2 glnH_3
[11:13:38] Fixed 2 duplicate /gene - lacZ_1 lacZ_2
[11:13:38] Fixed 2 duplicate /gene - xylF_1 xylF_2
[11:13:38] Fixed 7 duplicate /gene - licC_1 licC_2 licC_3 licC_4 licC_5 licC_6 licC_7
[11:13:38] Fixed 2 duplicate /gene - fdoG_1 fdoG_2
[11:13:38] Fixed 3 duplicate /gene - dsbD_1 dsbD_2 dsbD_3
[11:13:38] Fixed 2 duplicate /gene - topA_1 topA_2
[11:13:38] Fixed 2 duplicate /gene - garP_1 garP_2
[11:13:38] Fixed 3 duplicate /gene - norR_1 norR_2 norR_3
[11:13:38] Fixed 2 duplicate /gene - cobC_1 cobC_2
[11:13:38] Fixed 2 duplicate /gene - azoR_1 azoR_2
[11:13:38] Fixed 2 duplicate /gene - dam_1 dam_2
[11:13:38] Fixed 2 duplicate /gene - lpdC_1 lpdC_2
[11:13:38] Fixed 3 duplicate /gene - scrY_1 scrY_2 scrY_3
[11:13:38] Fixed 2 duplicate /gene - dinI_1 dinI_2
[11:13:38] Fixed 2 duplicate /gene - malG_1 malG_2
[11:13:38] Fixed 2 duplicate /gene - capE_1 capE_2
[11:13:38] Fixed 2 duplicate /gene - ugpB_1 ugpB_2
[11:13:38] Fixed 2 duplicate /gene - glpQ_1 glpQ_2
[11:13:38] Fixed 2 duplicate /gene - ybhF_1 ybhF_2
[11:13:38] Fixed 2 duplicate /gene - namA_1 namA_2
[11:13:38] Fixed 2 duplicate /gene - manP_1 manP_2
[11:13:38] Fixed 3 duplicate /gene - lsrB_1 lsrB_2 lsrB_3
[11:13:38] Fixed 2 duplicate /gene - map_1 map_2
[11:13:38] Fixed 2 duplicate /gene - can_1 can_2
[11:13:38] Fixed 2 duplicate /gene - sdaC_1 sdaC_2
[11:13:38] Fixed 2 duplicate /gene - tuf1_1 tuf1_2
[11:13:38] Fixed 3 duplicate /gene - dppA_1 dppA_2 dppA_3
[11:13:38] Fixed 2 duplicate /gene - pdeH_1 pdeH_2
[11:13:38] Fixed 2 duplicate /gene - jefA_1 jefA_2
[11:13:38] Fixed 2 duplicate /gene - rluA_1 rluA_2
[11:13:38] Fixed 2 duplicate /gene - yibH_1 yibH_2
[11:13:38] Fixed 4 duplicate /gene - rbsK_1 rbsK_2 rbsK_3 rbsK_4
[11:13:38] Fixed 2 duplicate /gene - apbE_1 apbE_2
[11:13:38] Fixed 2 duplicate /gene - ubiX_1 ubiX_2
[11:13:38] Fixed 3 duplicate /gene - pcaR_1 pcaR_2 pcaR_3
[11:13:38] Fixed 4 duplicate /gene - lamB_1 lamB_2 lamB_3 lamB_4
[11:13:38] Fixed 2 duplicate /gene - xylH_1 xylH_2
[11:13:38] Fixed 2 duplicate /gene - bepA_1 bepA_2
[11:13:38] Fixed 2 duplicate /gene - nupC_1 nupC_2
[11:13:38] Fixed 2 duplicate /gene - hpcE_1 hpcE_2
[11:13:38] Fixed 2 duplicate /gene - gntR_1 gntR_2
[11:13:38] Fixed 4 duplicate /gene - metQ_1 metQ_2 metQ_3 metQ_4
[11:13:38] Fixed 2 duplicate /gene - oppA_1 oppA_2
[11:13:38] Fixed 2 duplicate /gene - tnsE_1 tnsE_2
[11:13:38] Fixed 3 duplicate /gene - lrp_1 lrp_2 lrp_3
[11:13:38] Fixed 2 duplicate /gene - tnsA_1 tnsA_2
[11:13:38] Fixed 2 duplicate /gene - benM_1 benM_2
[11:13:38] Fixed 2 duplicate /gene - norG_1 norG_2
[11:13:38] Fixed 2 duplicate /gene - cobT_1 cobT_2
[11:13:38] Fixed 3 duplicate /gene - gsiD_1 gsiD_2 gsiD_3
[11:13:38] Fixed 2 duplicate /gene - pcaB_1 pcaB_2
[11:13:38] Fixed 2 duplicate /gene - rlhA_1 rlhA_2
[11:13:38] Fixed 2 duplicate /gene - cutD_1 cutD_2
[11:13:38] Fixed 2 duplicate /gene - glcR_1 glcR_2
[11:13:38] Fixed 2 duplicate /gene - bcr_1 bcr_2
[11:13:38] Fixed 2 duplicate /gene - lon_1 lon_2
[11:13:38] Fixed 3 duplicate /gene - iprA_1 iprA_2 iprA_3
[11:13:38] Fixed 2 duplicate /gene - citG_1 citG_2
[11:13:38] Fixed 2 duplicate /gene - fimC_1 fimC_2
[11:13:38] Fixed 5 duplicate /gene - nimR_1 nimR_2 nimR_3 nimR_4 nimR_5
[11:13:38] Fixed 2 duplicate /gene - yghA_1 yghA_2
[11:13:38] Fixed 2 duplicate /gene - dmsA_1 dmsA_2
[11:13:38] Fixed 2 duplicate /gene - manZ_1 manZ_2
[11:13:38] Fixed 3 duplicate /gene - bglA_1 bglA_2 bglA_3
[11:13:38] Fixed 2 duplicate /gene - wecD_1 wecD_2
[11:13:38] Fixed 2 duplicate /gene - trxA_1 trxA_2
[11:13:38] Fixed 2 duplicate /gene - amiC_1 amiC_2
[11:13:38] Fixed 4 duplicate /gene - iolE_1 iolE_2 iolE_3 iolE_4
[11:13:38] Fixed 2 duplicate /gene - ybdG_1 ybdG_2
[11:13:38] Fixed 2 duplicate /gene - rafB_1 rafB_2
[11:13:38] Fixed 2 duplicate /gene - clcB_1 clcB_2
[11:13:38] Fixed 2 duplicate /gene - lyx_1 lyx_2
[11:13:38] Fixed 3 duplicate /gene - fhuA_1 fhuA_2 fhuA_3
[11:13:38] Fixed 2 duplicate /gene - cysG_1 cysG_2
[11:13:38] Fixed 2 duplicate /gene - cycA_1 cycA_2
[11:13:38] Fixed 3 duplicate /gene - astD_1 astD_2 astD_3
[11:13:38] Fixed 2 duplicate /gene - gltA_1 gltA_2
[11:13:38] Fixed 2 duplicate /gene - fruB_1 fruB_2
[11:13:38] Fixed 2 duplicate /gene - aptA_1 aptA_2
[11:13:38] Fixed 2 duplicate /gene - aspT_1 aspT_2
[11:13:38] Fixed 4 duplicate /gene - rbsB_1 rbsB_2 rbsB_3 rbsB_4
[11:13:38] Fixed 2 duplicate /gene - ribZ_1 ribZ_2
[11:13:38] Fixed 6 duplicate /gene - gcvA_1 gcvA_2 gcvA_3 gcvA_4 gcvA_5 gcvA_6
[11:13:38] Fixed 2 duplicate /gene - ybhR_1 ybhR_2
[11:13:38] Fixed 2 duplicate /gene - gltJ_1 gltJ_2
[11:13:38] Fixed 2 duplicate /gene - elfD_1 elfD_2
[11:13:38] Fixed 2 duplicate /gene - relE_1 relE_2
[11:13:38] Fixed 9 duplicate /gene - pgrR_1 pgrR_2 pgrR_3 pgrR_4 pgrR_5 pgrR_6 pgrR_7 pgrR_8 pgrR_9
[11:13:38] Fixed 2 duplicate /gene - ydhP_1 ydhP_2
[11:13:38] Fixed 2 duplicate /gene - zapE_1 zapE_2
[11:13:38] Fixed 2 duplicate /gene - cytR_1 cytR_2
[11:13:38] Fixed 3 duplicate /gene - yicJ_1 yicJ_2 yicJ_3
[11:13:38] Fixed 2 duplicate /gene - mrdA_1 mrdA_2
[11:13:38] Fixed 9 duplicate /gene - rbsC_1 rbsC_2 rbsC_3 rbsC_4 rbsC_5 rbsC_6 rbsC_7 rbsC_8 rbsC_9
[11:13:38] Fixed 2 duplicate /gene - malK_1 malK_2
[11:13:38] Fixed 2 duplicate /gene - tktA_1 tktA_2
[11:13:38] Fixed 2 duplicate /gene - pyrG_1 pyrG_2
[11:13:38] Fixed 2 duplicate /gene - por_1 por_2
[11:13:38] Fixed 2 duplicate /gene - dadA_1 dadA_2
[11:13:38] Fixed 2 duplicate /gene - bcsB_1 bcsB_2
[11:13:38] Fixed 2 duplicate /gene - frmA_1 frmA_2
[11:13:38] Fixed 2 duplicate /gene - dgoA_1 dgoA_2
[11:13:38] Fixed 2 duplicate /gene - ssb_1 ssb_2
[11:13:38] Fixed 2 duplicate /gene - pdeB_1 pdeB_2
[11:13:38] Fixed 2 duplicate /gene - lsrF_1 lsrF_2
[11:13:38] Fixed 4 duplicate /gene - rbsR_1 rbsR_2 rbsR_3 rbsR_4
[11:13:38] Fixed 2 duplicate /gene - lpxD_1 lpxD_2
[11:13:38] Fixed 3 duplicate /gene - pcaK_1 pcaK_2 pcaK_3
[11:13:38] Fixed 2 duplicate /gene - astC_1 astC_2
[11:13:38] Fixed 3 duplicate /gene - ydfK_1 ydfK_2 ydfK_3
[11:13:38] Fixed 3 duplicate /gene - nepI_1 nepI_2 nepI_3
[11:13:38] Fixed 2 duplicate /gene - codA_1 codA_2
[11:13:38] Fixed 3 duplicate /gene - yraI_1 yraI_2 yraI_3
[11:13:38] Fixed 2 duplicate /gene - hisC_1 hisC_2
[11:13:38] Fixed 2 duplicate /gene - gsiB_1 gsiB_2
[11:13:38] Fixed 4 duplicate /gene - ompA_1 ompA_2 ompA_3 ompA_4
[11:13:38] Fixed 4 duplicate /gene - gsiC_1 gsiC_2 gsiC_3 gsiC_4
[11:13:38] Fixed 2 duplicate /gene - hdeB_1 hdeB_2
[11:13:38] Fixed 3 duplicate /gene - ssuA_1 ssuA_2 ssuA_3
[11:13:38] Fixed 3 duplicate /gene - yhaJ_1 yhaJ_2 yhaJ_3
[11:13:38] Fixed 3 duplicate /gene - xylB_1 xylB_2 xylB_3
[11:13:38] Fixed 2 duplicate /gene - astB_1 astB_2
[11:13:38] Fixed 5 duplicate /gene - fimD_1 fimD_2 fimD_3 fimD_4 fimD_5
[11:13:38] Fixed 2 duplicate /gene - dinG_1 dinG_2
[11:13:38] Fixed 2 duplicate /gene - dhaK_1 dhaK_2
[11:13:38] Fixed 3 duplicate /gene - thlA_1 thlA_2 thlA_3
[11:13:38] Fixed 3 duplicate /gene - suhB_1 suhB_2 suhB_3
[11:13:38] Fixed 2 duplicate /gene - cutC_1 cutC_2
[11:13:38] Fixed 2 duplicate /gene - amaB_1 amaB_2
[11:13:38] Fixed 3 duplicate /gene - mglA_1 mglA_2 mglA_3
[11:13:38] Fixed 2 duplicate /gene - ada_1 ada_2
[11:13:38] Fixed 2 duplicate /gene - repA_1 repA_2
[11:13:38] Fixed 2 duplicate /gene - flmA_1 flmA_2
[11:13:38] Fixed 3 duplicate /gene - gudP_1 gudP_2 gudP_3
[11:13:38] Fixed 2 duplicate /gene - ccpA_1 ccpA_2
[11:13:38] Fixed 2 duplicate /gene - epsE_1 epsE_2
[11:13:38] Fixed 2 duplicate /gene - mdh_1 mdh_2
[11:13:38] Fixed 2 duplicate /gene - yadV_1 yadV_2
[11:13:38] Fixed 2 duplicate /gene - osmY_1 osmY_2
[11:13:38] Fixed 2 duplicate /gene - gdhA_1 gdhA_2
[11:13:38] Fixed 6 duplicate /gene - rhaR_1 rhaR_2 rhaR_3 rhaR_4 rhaR_5 rhaR_6
[11:13:38] Fixed 2 duplicate /gene - thpA_1 thpA_2
[11:13:38] Fixed 2 duplicate /gene - kduD_1 kduD_2
[11:13:38] Fixed 2 duplicate /gene - ulaC_1 ulaC_2
[11:13:38] Fixed 2 duplicate /gene - purR_1 purR_2
[11:13:38] Fixed 2 duplicate /gene - adh_1 adh_2
[11:13:38] Fixed 2 duplicate /gene - ibpB_1 ibpB_2
[11:13:38] Fixed 4 duplicate /gene - intA_1 intA_2 intA_3 intA_4
[11:13:38] Fixed 2 duplicate /gene - aaeB_1 aaeB_2
[11:13:38] Fixed 2 duplicate /gene - ddpA_1 ddpA_2
[11:13:38] Fixed 2 duplicate /gene - dnaK_1 dnaK_2
[11:13:38] Fixed 2 duplicate /gene - cydA_1 cydA_2
[11:13:38] Fixed 2 duplicate /gene - ulaB_1 ulaB_2
[11:13:38] Fixed 2 duplicate /gene - xylG_1 xylG_2
[11:13:38] Fixed 2 duplicate /gene - licH_1 licH_2
[11:13:38] Fixed 3 duplicate /gene - soxS_1 soxS_2 soxS_3
[11:13:38] Fixed 2 duplicate /gene - cpdA_1 cpdA_2
[11:13:38] Fixed 2 duplicate /gene - acrB_1 acrB_2
[11:13:38] Fixed 2 duplicate /gene - nodD2_1 nodD2_2
[11:13:38] Fixed 2 duplicate /gene - hsrA_1 hsrA_2
[11:13:38] Fixed 2 duplicate /gene - ilvI_1 ilvI_2
[11:13:38] Fixed 3 duplicate /gene - hcpA_1 hcpA_2 hcpA_3
[11:13:38] Fixed 2 duplicate /gene - pduA_1 pduA_2
[11:13:38] Fixed 2 duplicate /gene - glpE_1 glpE_2
[11:13:38] Fixed 2 duplicate /gene - pduE_1 pduE_2
[11:13:38] Fixed 3 duplicate /gene - emrA_1 emrA_2 emrA_3
[11:13:38] Fixed 2 duplicate /gene - yncE_1 yncE_2
[11:13:38] Fixed 6 duplicate /gene - xerC_1 xerC_2 xerC_3 xerC_4 xerC_5 xerC_6
[11:13:38] Fixed 2 duplicate /gene - livJ_1 livJ_2
[11:13:38] Fixed 2 duplicate /gene - zntB_1 zntB_2
[11:13:38] Fixed 2 duplicate /gene - hns_1 hns_2
[11:13:38] Fixed 3 duplicate /gene - slyA_1 slyA_2 slyA_3
[11:13:38] Fixed 3 duplicate /gene - lsrD_1 lsrD_2 lsrD_3
[11:13:38] Fixed 2 duplicate /gene - talB_1 talB_2
[11:13:38] Fixed 2 duplicate /gene - ycaD_1 ycaD_2
[11:13:38] Fixed 2 duplicate /gene - artM_1 artM_2
[11:13:38] Fixed 2 duplicate /gene - acrR_1 acrR_2
[11:13:38] Fixed 2 duplicate /gene - bioD1_1 bioD1_2
[11:13:38] Fixed 2 duplicate /gene - ddrA_1 ddrA_2
[11:13:38] Fixed 2 duplicate /gene - pgl_1 pgl_2
[11:13:38] Fixed 2 duplicate /gene - cysH_1 cysH_2
[11:13:38] Fixed 2 duplicate /gene - cobD_1 cobD_2
[11:13:38] Fixed 2 duplicate /gene - dsbC_1 dsbC_2
[11:13:38] Fixed 2 duplicate /gene - trmL_1 trmL_2
[11:13:38] Fixed 3 duplicate /gene - dcm_1 dcm_2 dcm_3
[11:13:38] Fixed 3 duplicate /gene - tnpR_1 tnpR_2 tnpR_3
[11:13:38] Fixed 2 duplicate /gene - scmP_1 scmP_2
[11:13:38] Fixed 2 duplicate /gene - nudK_1 nudK_2
[11:13:38] Fixed 3 duplicate /gene - gabR_1 gabR_2 gabR_3
[11:13:38] Fixed 2 duplicate /gene - astE_1 astE_2
[11:13:38] Fixed 2 duplicate /gene - dppD_1 dppD_2
[11:13:38] Fixed 2 duplicate /gene - yofA_1 yofA_2
[11:13:38] Fixed 4 duplicate /gene - rbsA_1 rbsA_2 rbsA_3 rbsA_4
[11:13:38] Fixed 2 duplicate /gene - aptB_1 aptB_2
[11:13:38] Fixed 3 duplicate /gene - traC_1 traC_2 traC_3
[11:13:38] Fixed 3 duplicate /gene - fruA_1 fruA_2 fruA_3
[11:13:38] Fixed 3 duplicate /gene - ompR_1 ompR_2 ompR_3
[11:13:38] Fixed 2 duplicate /gene - yohK_1 yohK_2
[11:13:38] Fixed 2 duplicate /gene - guaD_1 guaD_2
[11:13:38] Fixed 3 duplicate /gene - metC_1 metC_2 metC_3
[11:13:38] Fixed 4 duplicate /gene - gltC_1 gltC_2 gltC_3 gltC_4
[11:13:38] Fixed 2 duplicate /gene - nlpD_1 nlpD_2
[11:13:38] Fixed 3 duplicate /gene - pncC_1 pncC_2 pncC_3
[11:13:38] Fixed 2 duplicate /gene - glgS_1 glgS_2
[11:13:38] Fixed 2 duplicate /gene - ubiJ_1 ubiJ_2
[11:13:38] Fixed 5 duplicate /gene - yajO_1 yajO_2 yajO_3 yajO_4 yajO_5
[11:13:38] Fixed 2 duplicate /gene - ydgJ_1 ydgJ_2
[11:13:38] Fixed 3 duplicate /gene - oppD_1 oppD_2 oppD_3
[11:13:38] Fixed 3 duplicate /gene - aacA4_1 aacA4_2 aacA4_3
[11:13:38] Fixed 3 duplicate /gene - dapA_1 dapA_2 dapA_3
[11:13:38] Fixed 2 duplicate /gene - bglH_1 bglH_2
[11:13:38] Fixed 2 duplicate /gene - leuE_1 leuE_2
[11:13:38] Fixed 2 duplicate /gene - msuD_1 msuD_2
[11:13:38] Fixed 3 duplicate /gene - lysN_1 lysN_2 lysN_3
[11:13:38] Fixed 2 duplicate /gene - lgoT_1 lgoT_2
[11:13:38] Fixed 2 duplicate /gene - rutB_1 rutB_2
[11:13:38] Fixed 2 duplicate /gene - mrkD_1 mrkD_2
[11:13:38] Fixed 2 duplicate /gene - ssuC_1 ssuC_2
[11:13:38] Fixed 2 duplicate /gene - metR_1 metR_2
[11:13:38] Fixed 2 duplicate /gene - gsiA_1 gsiA_2
[11:13:38] Fixed 2 duplicate /gene - gltR_1 gltR_2
[11:13:38] Fixed 2 duplicate /gene - glmS_1 glmS_2
[11:13:38] Fixed 2 duplicate /gene - dapE_1 dapE_2
[11:13:38] Fixed 2 duplicate /gene - ygiW_1 ygiW_2
[11:13:38] Fixed 2 duplicate /gene - leuA_1 leuA_2
[11:13:38] Fixed 3 duplicate /gene - csbX_1 csbX_2 csbX_3
[11:13:38] Fixed 2 duplicate /gene - fusA_1 fusA_2
[11:13:38] Fixed 2 duplicate /gene - fdnG_1 fdnG_2
[11:13:38] Fixed 2 duplicate /gene - cutA_1 cutA_2
[11:13:38] Fixed 2 duplicate /gene - mngR_1 mngR_2
[11:13:38] Fixed 2 duplicate /gene - fabF_1 fabF_2
[11:13:38] Fixed 5 duplicate /gene - oxyR_1 oxyR_2 oxyR_3 oxyR_4 oxyR_5
[11:13:38] Fixed 2 duplicate /gene - frcA_1 frcA_2
[11:13:38] Fixed 2 duplicate /gene - lacI_1 lacI_2
[11:13:38] Fixed 4 duplicate /gene - celA_1 celA_2 celA_3 celA_4
[11:13:38] Fixed 7 duplicate /gene - btuD_1 btuD_2 btuD_3 btuD_4 btuD_5 btuD_6 btuD_7
[11:13:38] Fixed 2 duplicate /gene - rsxC_1 rsxC_2
[11:13:38] Fixed 4 duplicate /gene - hexR_1 hexR_2 hexR_3 hexR_4
[11:13:38] Fixed 2 duplicate /gene - hyfA_1 hyfA_2
[11:13:38] Fixed 2 duplicate /gene - agp_1 agp_2
[11:13:38] Fixed 2 duplicate /gene - hisJ_1 hisJ_2
[11:13:38] Fixed 2 duplicate /gene - ppiC_1 ppiC_2
[11:13:38] Fixed 2 duplicate /gene - astA_1 astA_2
[11:13:38] Fixed 2 duplicate /gene - xylA_1 xylA_2
[11:13:38] Fixed 2 duplicate /gene - yagG_1 yagG_2
[11:13:38] Fixed 2 duplicate /gene - rutC_1 rutC_2
[11:13:38] Fixed 2 duplicate /gene - glpT_1 glpT_2
[11:13:38] Fixed 3 duplicate /gene - ssuB_1 ssuB_2 ssuB_3
[11:13:38] Fixed 4 duplicate /gene - gstB_1 gstB_2 gstB_3 gstB_4
[11:13:38] Fixed 5 duplicate /gene - glpR_1 glpR_2 glpR_3 glpR_4 glpR_5
[11:13:38] Fixed 3 duplicate /gene - ddpC_1 ddpC_2 ddpC_3
[11:13:38] Fixed 2 duplicate /gene - mak_1 mak_2
[11:13:38] Fixed 3 duplicate /gene - fdhF_1 fdhF_2 fdhF_3
[11:13:38] Fixed 3 duplicate /gene - yecS_1 yecS_2 yecS_3
[11:13:38] Fixed 4 duplicate /gene - potA_1 potA_2 potA_3 potA_4
[11:13:38] Fixed 2 duplicate /gene - cdaR_1 cdaR_2
[11:13:38] Fixed 2 duplicate /gene - uxuA_1 uxuA_2
[11:13:38] Fixed 2 duplicate /gene - feaB_1 feaB_2
[11:13:38] Fixed 2 duplicate /gene - repB_1 repB_2
[11:13:38] Fixed 2 duplicate /gene - asd_1 asd_2
[11:13:38] Fixed 3 duplicate /gene - oppF_1 oppF_2 oppF_3
[11:13:38] Fixed 5 duplicate /gene - cynR_1 cynR_2 cynR_3 cynR_4 cynR_5
[11:13:38] Fixed 2 duplicate /gene - deoR_1 deoR_2
[11:13:38] Fixed 2 duplicate /gene - phoP_1 phoP_2
[11:13:38] Fixed 2 duplicate /gene - ompN_1 ompN_2
[11:13:38] Fixed 3 duplicate /gene - umuD_1 umuD_2 umuD_3
[11:13:38] Fixed 2 duplicate /gene - sad_1 sad_2
[11:13:38] Fixed 2 duplicate /gene - kdgK_1 kdgK_2
[11:13:38] Fixed 3 duplicate /gene - betI_1 betI_2 betI_3
[11:13:38] Fixed 4 duplicate /gene - exuT_1 exuT_2 exuT_3 exuT_4
[11:13:38] Fixed 5 duplicate /gene - chbA_1 chbA_2 chbA_3 chbA_4 chbA_5
[11:13:38] Fixed 3 duplicate /gene - ulaA_1 ulaA_2 ulaA_3
[11:13:38] Fixed 3 duplicate /gene - garK_1 garK_2 garK_3
[11:13:38] Fixed 2 duplicate /gene - yciE_1 yciE_2
[11:13:38] Fixed 3 duplicate /gene - cydB_1 cydB_2 cydB_3
[11:13:38] Fixed 2 duplicate /gene - groS_1 groS_2
[11:13:38] Fixed 2 duplicate /gene - aaeA_1 aaeA_2
[11:13:38] Fixed 20 duplicate /gene - dmlR_1 dmlR_2 dmlR_3 dmlR_4 dmlR_5 dmlR_6 dmlR_7 dmlR_8 dmlR_9 dmlR_10 dmlR_11 dmlR_12 dmlR_13 dmlR_14 dmlR_15 dmlR_16 dmlR_17 dmlR_18 dmlR_19 dmlR_20
[11:13:38] Fixed 2 duplicate /gene - roxA_1 roxA_2
[11:13:38] Fixed 4 duplicate /gene - ygdR_1 ygdR_2 ygdR_3 ygdR_4
[11:13:38] Fixed 2 duplicate /gene - artJ_1 artJ_2
[11:13:38] Fixed 2 duplicate /gene - ctpF_1 ctpF_2
[11:13:38] Fixed 2 duplicate /gene - murR_1 murR_2
[11:13:38] Fixed 2 duplicate /gene - bglF_1 bglF_2
[11:13:38] Fixed 3 duplicate /gene - btuF_1 btuF_2 btuF_3
[11:13:38] Fixed 2 duplicate /gene - yeaX_1 yeaX_2
[11:13:38] Fixed 2 duplicate /gene - iolU_1 iolU_2
[11:13:38] Fixed 2 duplicate /gene - hxpB_1 hxpB_2
[11:13:38] Fixed 2 duplicate /gene - mdtH_1 mdtH_2
[11:13:38] Fixed 2 duplicate /gene - yrdA_1 yrdA_2
[11:13:38] Fixed 2 duplicate /gene - emrB_1 emrB_2
[11:13:38] Fixed 2 duplicate /gene - dsbA_1 dsbA_2
[11:13:38] Fixed 2 duplicate /gene - pcpR_1 pcpR_2
[11:13:38] Fixed 3 duplicate /gene - tsaR_1 tsaR_2 tsaR_3
[11:13:38] Fixed 2 duplicate /gene - lldD_1 lldD_2
[11:13:38] Fixed 2 duplicate /gene - kefF_1 kefF_2
[11:13:38] Fixed 2 duplicate /gene - glnP_1 glnP_2
[11:13:38] Fixed 2 duplicate /gene - ftsI_1 ftsI_2
[11:13:38] Fixed 2 duplicate /gene - blc_1 blc_2
[11:13:38] Fixed 2 duplicate /gene - ftnA_1 ftnA_2
[11:13:38] Fixed 2 duplicate /gene - vapC_1 vapC_2
[11:13:38] Fixed 2 duplicate /gene - higA_1 higA_2
[11:13:38] Fixed 2 duplicate /gene - yhhT_1 yhhT_2
[11:13:38] Fixed 2 duplicate /gene - acsAB_1 acsAB_2
[11:13:38] Fixed 2 duplicate /gene - fabD_1 fabD_2
[11:13:38] Fixed 3 duplicate /gene - metN_1 metN_2 metN_3
[11:13:38] Fixed 2 duplicate /gene - adhE_1 adhE_2
[11:13:38] Fixed 2 duplicate /gene - dgoT_1 dgoT_2
[11:13:38] Fixed 8 duplicate /gene - bla_1 bla_2 bla_3 bla_4 bla_5 bla_6 bla_7 bla_8
[11:13:38] Fixed 451 colliding /gene names.
[11:13:38] Adding /locus_tag identifiers
[11:13:38] Assigned 5438 locus_tags to CDS and RNA features.
[11:13:38] Writing outputs to prokka_normal//
[11:13:51] Generating annotation statistics file
[11:13:51] Generating Genbank and Sequin files
[11:13:51] Running: tbl2asn -V b -a r10k -l paired-ends -M n -N 1 -y 'Annotated using prokka 1.14.6 from https://github.com/tseemann/prokka' -Z prokka_normal\/\/cpe004_hybrd\.err -i prokka_normal\/\/cpe004_hybrd\.fsa 2> /dev/null
[11:14:05] Deleting unwanted file: prokka_normal//errorsummary.val
[11:14:05] Deleting unwanted file: prokka_normal//cpe004_hybrd.dr
[11:14:05] Deleting unwanted file: prokka_normal//cpe004_hybrd.fixedproducts
[11:14:05] Deleting unwanted file: prokka_normal//cpe004_hybrd.ecn
[11:14:05] Deleting unwanted file: prokka_normal//cpe004_hybrd.val
[11:14:05] Repairing broken .GBK output that tbl2asn produces...
[11:14:05] Running: sed 's/COORDINATES: profile/COORDINATES:profile/' < prokka_normal\/\/cpe004_hybrd\.gbf > prokka_normal\/\/cpe004_hybrd\.gbk
[11:14:05] Deleting unwanted file: prokka_normal//cpe004_hybrd.gbf
[11:14:05] Output files:
[11:14:05] prokka_normal/cpe004_hybrd.fsa
[11:14:05] prokka_normal/cpe004_hybrd.ffn
[11:14:05] prokka_normal/cpe004_hybrd.log
[11:14:05] prokka_normal/cpe004_hybrd.faa
[11:14:05] prokka_normal/cpe004_hybrd.txt
[11:14:05] prokka_normal/cpe004_hybrd.tbl
[11:14:05] prokka_normal/cpe004_hybrd.err
[11:14:05] prokka_normal/cpe004_hybrd.tsv
[11:14:05] prokka_normal/cpe004_hybrd.gbk
[11:14:05] prokka_normal/cpe004_hybrd.sqn
[11:14:05] prokka_normal/cpe004_hybrd.gff
[11:14:05] prokka_normal/cpe004_hybrd.fna
[11:14:05] Annotation finished successfully.
[11:14:05] Walltime used: 4.02 minutes
[11:14:05] If you use this result please cite the Prokka paper:
[11:14:05] Seemann T (2014) Prokka: rapid prokaryotic genome annotation. Bioinformatics. 30(14):2068-9.
[11:14:05] Type 'prokka --citation' for more details.
[11:14:05] Share and enjoy!
